\BOOKMARK [1][-]{section.1}{\376\377\151\202\217\360}{}% 1
\BOOKMARK [2][-]{subsection.1.1}{\376\377\127\372\170\100\174\173\127\213}{section.1}% 2
\BOOKMARK [3][-]{subsubsection.1.1.1}{\376\377\145\164\145\160\174\173\127\213}{subsection.1.1}% 3
\BOOKMARK [4][-]{paragraph.1.1.1.1}{\376\377\133\232\225\177\145\164\145\160}{subsubsection.1.1.1}% 4
\BOOKMARK [4][-]{paragraph.1.1.1.2}{\376\377\123\330\225\177\145\164\145\160}{subsubsection.1.1.1}% 5
\BOOKMARK [3][-]{subsubsection.1.1.2}{\376\377\000S\000t\000r\000i\000n\000g\174\173\127\213}{subsection.1.1}% 6
\BOOKMARK [2][-]{subsection.1.2}{\376\377\000M\000y\000S\000Q\000L\123\005}{section.1}% 7
\BOOKMARK [3][-]{subsubsection.1.2.1}{\376\377\131\047\116\216\0001\0006\000M\000B\166\204\123\005}{subsection.1.2}% 8
\BOOKMARK [3][-]{subsubsection.1.2.2}{\376\377\136\217\122\027\123\367}{subsection.1.2}% 9
\BOOKMARK [2][-]{subsection.1.3}{\376\377\220\032\165\050\124\315\136\224\123\005}{section.1}% 10
\BOOKMARK [3][-]{subsubsection.1.3.1}{\376\377\000O\000R\000\137\000P\000a\000c\000k\000e\000t}{subsection.1.3}% 11
\BOOKMARK [3][-]{subsubsection.1.3.2}{\376\377\000E\000R\000R\000\137\000P\000a\000c\000k\000e\000t}{subsection.1.3}% 12
\BOOKMARK [3][-]{subsubsection.1.3.3}{\376\377\000E\000O\000F\000\137\000P\000a\000c\000k\000e\000t}{subsection.1.3}% 13
\BOOKMARK [3][-]{subsubsection.1.3.4}{\376\377\162\266\140\001\117\341\140\157}{subsection.1.3}% 14
\BOOKMARK [2][-]{subsection.1.4}{\376\377\217\336\143\245\166\204\165\037\124\175\124\150\147\037}{section.1}% 15
\BOOKMARK [1][-]{section.2}{\376\377\217\336\143\245\136\372\172\313}{}% 16
\BOOKMARK [2][-]{subsection.2.1}{\376\377\143\341\142\113}{section.2}% 17
\BOOKMARK [3][-]{subsubsection.2.1.1}{\376\377\146\156\220\032\143\341\142\113\145\271\137\017}{subsection.2.1}% 18
\BOOKMARK [3][-]{subsubsection.2.1.2}{\376\377\000S\000S\000L\143\341\142\113\145\271\137\017}{subsection.2.1}% 19
\BOOKMARK [3][-]{subsubsection.2.1.3}{\376\377\200\375\122\233\116\244\143\142}{subsection.2.1}% 20
\BOOKMARK [3][-]{subsubsection.2.1.4}{\376\377\220\011\142\351\213\244\213\301\145\271\154\325}{subsection.2.1}% 21
\BOOKMARK [2][-]{subsection.2.2}{\376\377\137\353\220\037\213\244\213\301}{section.2}% 22
\BOOKMARK [2][-]{subsection.2.3}{\376\377\213\244\213\301\145\271\154\325\116\015\116\000\201\364}{section.2}% 23
\BOOKMARK [3][-]{subsubsection.2.3.1}{\376\377\146\364\143\142\213\244\213\301\145\271\154\325}{subsection.2.3}% 24
\BOOKMARK [3][-]{subsubsection.2.3.2}{\376\377\133\242\142\067\172\357\200\375\122\233\177\072\131\061}{subsection.2.3}% 25
\BOOKMARK [3][-]{subsubsection.2.3.3}{\376\377\133\242\142\067\172\357\116\015\145\057\143\001\145\260\213\244\213\301\145\271\154\325}{subsection.2.3}% 26
\BOOKMARK [3][-]{subsubsection.2.3.4}{\376\377\116\015\145\057\143\001\143\322\116\366\137\017\213\244\213\301\145\271\154\325\166\204\133\242\142\067\172\357}{subsection.2.3}% 27
\BOOKMARK [2][-]{subsection.2.4}{\376\377\217\336\143\245\226\066\153\265\155\210\140\157\123\005\176\323\147\204}{section.2}% 28
\BOOKMARK [3][-]{subsubsection.2.4.1}{\376\377\000P\000r\000o\000t\000o\000c\000o\000l\000:\000:\000H\000a\000n\000d\000s\000h\000a\000k\000e}{subsection.2.4}% 29
\BOOKMARK [3][-]{subsubsection.2.4.2}{\376\377\000P\000r\000o\000t\000o\000c\000o\000l\000:\000:\000H\000a\000n\000d\000s\000h\000a\000k\000e\000R\000e\000s\000p\000o\000n\000s\000e}{subsection.2.4}% 30
\BOOKMARK [1][-]{section.3}{\376\377\145\207\147\054\123\117\213\256}{}% 31
\BOOKMARK [2][-]{subsection.3.1}{\376\377\000C\000O\000M\000\137\000Q\000U\000E\000R\000Y}{section.3}% 32
\BOOKMARK [2][-]{subsection.3.2}{\376\377\000C\000O\000M\000\137\000Q\000U\000E\000R\000Y\000\137\000R\000E\000S\000P\000O\000N\000S\000E}{section.3}% 33
\BOOKMARK [3][-]{subsubsection.3.2.1}{\376\377\122\027\133\232\116\111}{subsection.3.2}% 34
\BOOKMARK [3][-]{subsubsection.3.2.2}{\376\377\210\114\145\160\143\156}{subsection.3.2}% 35
\BOOKMARK [1][-]{section.4}{\376\377\000B\000i\000n\000l\000o\000g}{}% 36
\BOOKMARK [2][-]{subsection.4.1}{\376\377\116\300\116\110\146\057\000B\000i\000n\000l\000o\000g}{section.4}% 37
\BOOKMARK [3][-]{subsubsection.4.1.1}{\376\377\000B\000i\000n\000l\000o\000g\150\074\137\017}{subsection.4.1}% 38
\BOOKMARK [4][-]{paragraph.4.1.1.1}{\376\377\127\372\116\216\213\355\123\345\166\204\000B\000i\000n\000l\000o\000g}{subsubsection.4.1.1}% 39
\BOOKMARK [4][-]{paragraph.4.1.1.2}{\376\377\127\372\116\216\210\114\166\204\000B\000i\000n\000l\000o\000g}{subsubsection.4.1.1}% 40
\BOOKMARK [4][-]{paragraph.4.1.1.3}{\376\377\155\367\124\010\152\041\137\017\166\204\000b\000i\000n\000l\000o\000g}{subsubsection.4.1.1}% 41
\BOOKMARK [3][-]{subsubsection.4.1.2}{\376\377\124\057\165\050\000B\000i\000n\000l\000o\000g}{subsection.4.1}% 42
\BOOKMARK [3][-]{subsubsection.4.1.3}{\376\377\000B\000i\000n\000l\000o\000g\176\323\147\204\116\016\121\205\133\271\134\017\176\323}{subsection.4.1}% 43
\BOOKMARK [2][-]{subsection.4.2}{\376\377\000B\000i\000n\000l\000o\000g\116\213\116\366}{section.4}% 44
\BOOKMARK [3][-]{subsubsection.4.2.1}{\376\377\116\213\116\366\133\232\116\111}{subsection.4.2}% 45
\BOOKMARK [3][-]{subsubsection.4.2.2}{\376\377\116\213\116\366\143\317\217\360}{subsection.4.2}% 46
\BOOKMARK [3][-]{subsubsection.4.2.3}{\376\377\116\213\116\366\176\323\147\204}{subsection.4.2}% 47
\BOOKMARK [3][-]{subsubsection.4.2.4}{\376\377\000F\000O\000R\000M\000A\000T\000\137\000D\000E\000S\000C\000R\000I\000P\000T\000I\000O\000N\000\137\000E\000V\000E\000N\000T}{subsection.4.2}% 48
\BOOKMARK [3][-]{subsubsection.4.2.5}{\376\377\000R\000O\000T\000A\000T\000E\000\137\000E\000V\000E\000N\000T}{subsection.4.2}% 49
\BOOKMARK [3][-]{subsubsection.4.2.6}{\376\377\000T\000A\000B\000L\000E\000\137\000M\000A\000P\000\137\000E\000V\000E\000N\000T}{subsection.4.2}% 50
\BOOKMARK [3][-]{subsubsection.4.2.7}{\376\377\000R\000O\000W\000S\000\137\000E\000V\000E\000N\000T}{subsection.4.2}% 51
\BOOKMARK [2][-]{subsection.4.3}{\376\377\166\321\124\054\155\101\172\013}{section.4}% 52
\BOOKMARK [1][-]{section.5}{\376\377\116\343\170\001\133\236\163\260\377\010\127\372\116\216\000G\000o\000l\000a\000n\000g\377\011}{}% 53
\BOOKMARK [2][-]{subsection.5.1}{\376\377\152\041\127\127\136\003\134\100}{section.5}% 54
\BOOKMARK [2][-]{subsection.5.2}{\376\377\116\012\116\013\145\207\173\241\164\006}{section.5}% 55
\BOOKMARK [2][-]{subsection.5.3}{\376\377\000P\000a\000c\000k\000e\000t\213\373\121\231}{section.5}% 56
\BOOKMARK [3][-]{subsubsection.5.3.1}{\376\377\000p\000k\000t\000R\000e\000a\000d\000e\000r}{subsection.5.3}% 57
\BOOKMARK [3][-]{subsubsection.5.3.2}{\376\377\000p\000k\000t\000W\000r\000i\000t\000e\000r}{subsection.5.3}% 58
\BOOKMARK [2][-]{subsection.5.4}{\376\377\177\026\211\343\170\001}{section.5}% 59
\BOOKMARK [2][-]{subsection.5.5}{\376\377\145\160\143\156\136\223\217\336\143\245}{section.5}% 60
\BOOKMARK [3][-]{subsubsection.5.5.1}{\376\377\143\341\142\113\226\066\153\265}{subsection.5.5}% 61
\BOOKMARK [3][-]{subsubsection.5.5.2}{\376\377\213\244\213\301\226\066\153\265}{subsection.5.5}% 62
\BOOKMARK [2][-]{subsection.5.6}{\376\377\000B\000i\000n\000l\000o\000g\116\213\116\366\166\321\124\054}{section.5}% 63
\BOOKMARK [3][-]{subsubsection.5.6.1}{\376\377\116\213\116\366\131\064\211\343\147\220}{subsection.5.6}% 64
\BOOKMARK [3][-]{subsubsection.5.6.2}{\376\377\000F\000O\000R\000M\000A\000T\000\137\000D\000E\000S\000C\000R\000I\000P\000T\000I\000O\000N\000\137\000E\000V\000E\000N\000T}{subsection.5.6}% 65
\BOOKMARK [3][-]{subsubsection.5.6.3}{\376\377\000Q\000U\000E\000R\000Y\000\137\000E\000V\000E\000N\000T}{subsection.5.6}% 66
\BOOKMARK [3][-]{subsubsection.5.6.4}{\376\377\000T\000A\000B\000L\000E\000\137\000M\000A\000P\000\137\000E\000V\000E\000N\000T}{subsection.5.6}% 67
\BOOKMARK [3][-]{subsubsection.5.6.5}{\376\377\000R\000O\000W\000S\000\137\000E\000V\000E\000N\000T}{subsection.5.6}% 68
